[debug] [2024-02-17T21:15:41.547Z] ----------------------------------------------------------------------
[debug] [2024-02-17T21:15:41.552Z] Command:       C:\Program Files\nodejs\node.exe C:\Program Files\nodejs\node_modules\firebase-tools\lib\bin\firebase.js deploy
[debug] [2024-02-17T21:15:41.552Z] CLI Version:   13.0.2
[debug] [2024-02-17T21:15:41.553Z] Platform:      win32
[debug] [2024-02-17T21:15:41.553Z] Node Version:  v20.10.0
[debug] [2024-02-17T21:15:41.553Z] Time:          Sun Feb 18 2024 05:15:41 GMT+0800 (China Standard Time)
[debug] [2024-02-17T21:15:41.553Z] ----------------------------------------------------------------------
[debug] 
[debug] [2024-02-17T21:15:41.573Z] >>> [apiv2][query] GET https://firebase-public.firebaseio.com/cli.json [none]
[debug] [2024-02-17T21:15:41.777Z] > command requires scopes: ["email","openid","https://www.googleapis.com/auth/cloudplatformprojects.readonly","https://www.googleapis.com/auth/firebase","https://www.googleapis.com/auth/cloud-platform"]
[debug] [2024-02-17T21:15:41.777Z] > authorizing via signed-in user (juliusterrence.duff@gmail.com)
[debug] [2024-02-17T21:15:41.778Z] [iam] checking project the-project-gameplan for permissions ["firebase.projects.get","firebasehosting.sites.update"]
[debug] [2024-02-17T21:15:41.779Z] > refreshing access token with scopes: []
[debug] [2024-02-17T21:15:41.780Z] >>> [apiv2][query] POST https://www.googleapis.com/oauth2/v3/token [none]
[debug] [2024-02-17T21:15:41.781Z] >>> [apiv2][body] POST https://www.googleapis.com/oauth2/v3/token [omitted]
[debug] [2024-02-17T21:15:42.065Z] <<< [apiv2][status] POST https://www.googleapis.com/oauth2/v3/token 200
[debug] [2024-02-17T21:15:42.066Z] <<< [apiv2][body] POST https://www.googleapis.com/oauth2/v3/token [omitted]
[debug] [2024-02-17T21:15:42.100Z] >>> [apiv2][query] POST https://cloudresourcemanager.googleapis.com/v1/projects/the-project-gameplan:testIamPermissions [none]
[debug] [2024-02-17T21:15:42.100Z] >>> [apiv2][(partial)header] POST https://cloudresourcemanager.googleapis.com/v1/projects/the-project-gameplan:testIamPermissions x-goog-quota-user=projects/the-project-gameplan
[debug] [2024-02-17T21:15:42.100Z] >>> [apiv2][body] POST https://cloudresourcemanager.googleapis.com/v1/projects/the-project-gameplan:testIamPermissions {"permissions":["firebase.projects.get","firebasehosting.sites.update"]}
[debug] [2024-02-17T21:15:43.186Z] <<< [apiv2][status] GET https://firebase-public.firebaseio.com/cli.json 200
[debug] [2024-02-17T21:15:43.187Z] <<< [apiv2][body] GET https://firebase-public.firebaseio.com/cli.json {"cloudBuildErrorAfter":1594252800000,"cloudBuildWarnAfter":1590019200000,"defaultNode10After":1594252800000,"minVersion":"3.0.5","node8DeploysDisabledAfter":1613390400000,"node8RuntimeDisabledAfter":1615809600000,"node8WarnAfter":1600128000000}
[debug] [2024-02-17T21:15:43.222Z] <<< [apiv2][status] POST https://cloudresourcemanager.googleapis.com/v1/projects/the-project-gameplan:testIamPermissions 200
[debug] [2024-02-17T21:15:43.222Z] <<< [apiv2][body] POST https://cloudresourcemanager.googleapis.com/v1/projects/the-project-gameplan:testIamPermissions {"permissions":["firebase.projects.get","firebasehosting.sites.update"]}
[debug] [2024-02-17T21:15:43.224Z] >>> [apiv2][query] GET https://firebase.googleapis.com/v1beta1/projects/the-project-gameplan [none]
[debug] [2024-02-17T21:15:43.667Z] <<< [apiv2][status] GET https://firebase.googleapis.com/v1beta1/projects/the-project-gameplan 200
[debug] [2024-02-17T21:15:43.668Z] <<< [apiv2][body] GET https://firebase.googleapis.com/v1beta1/projects/the-project-gameplan {"projectId":"the-project-gameplan","projectNumber":"1060600103566","displayName":"The Project Gameplan","name":"projects/the-project-gameplan","resources":{"hostingSite":"the-project-gameplan","realtimeDatabaseInstance":"the-project-gameplan-default-rtdb","storageBucket":"the-project-gameplan.appspot.com","locationId":"asia-southeast1"},"state":"ACTIVE","etag":"1_6dd18cc5-87f5-44f0-9e58-106c6199549e"}
[debug] [2024-02-17T21:16:00.340Z] >>> [apiv2][query] GET https://firebasehosting.googleapis.com/v1beta1/projects/the-project-gameplan/sites pageToken=&pageSize=10
[debug] [2024-02-17T21:16:01.073Z] <<< [apiv2][status] GET https://firebasehosting.googleapis.com/v1beta1/projects/the-project-gameplan/sites 200
[debug] [2024-02-17T21:16:01.075Z] <<< [apiv2][body] GET https://firebasehosting.googleapis.com/v1beta1/projects/the-project-gameplan/sites {"sites":[{"name":"projects/the-project-gameplan/sites/the-project-gameplan","defaultUrl":"https://the-project-gameplan.web.app","type":"DEFAULT_SITE"}]}
[debug] [2024-02-17T21:16:01.079Z] >>> [apiv2][query] GET https://firebasehosting.googleapis.com/v1beta1/projects/the-project-gameplan/sites 
[debug] [2024-02-17T21:16:01.521Z] <<< [apiv2][status] GET https://firebasehosting.googleapis.com/v1beta1/projects/the-project-gameplan/sites 200
[debug] [2024-02-17T21:16:01.522Z] <<< [apiv2][body] GET https://firebasehosting.googleapis.com/v1beta1/projects/the-project-gameplan/sites {"sites":[{"name":"projects/the-project-gameplan/sites/the-project-gameplan","defaultUrl":"https://the-project-gameplan.web.app","type":"DEFAULT_SITE"}]}
[debug] [2024-02-17T21:16:01.523Z] >>> [apiv2][query] GET https://firebase.googleapis.com/v1beta1/projects/the-project-gameplan/webApps/-/config [none]
[debug] [2024-02-17T21:16:02.761Z] <<< [apiv2][status] GET https://firebase.googleapis.com/v1beta1/projects/the-project-gameplan/webApps/-/config 200
[debug] [2024-02-17T21:16:02.762Z] <<< [apiv2][body] GET https://firebase.googleapis.com/v1beta1/projects/the-project-gameplan/webApps/-/config {"projectId":"the-project-gameplan","appId":"1:1060600103566:web:1322262655eff59c47ffdf","databaseURL":"https://the-project-gameplan-default-rtdb.asia-southeast1.firebasedatabase.app","storageBucket":"the-project-gameplan.appspot.com","locationId":"asia-southeast1","apiKey":"AIzaSyAA3j1F-HPOE8iVu1P-IHAsoSg9Ff5hbIA","authDomain":"the-project-gameplan.firebaseapp.com","messagingSenderId":"1060600103566","measurementId":"G-QRY63GX8DG"}
[info] 
   Thank you for trying our early preview of Next.js support on Firebase Hosting.
   During the preview, support is best-effort and breaking changes can be expected. Proceed with caution.

   Documentation: https://firebase.google.com/docs/hosting/frameworks/nextjs
   File a bug: https://github.com/firebase/firebase-tools/issues/new?template=bug_report.md
   Submit a feature request: https://github.com/firebase/firebase-tools/issues/new?template=feature_request.md

   We'd love to learn from you. Express your interest in helping us shape the future of Firebase Hosting: https://goo.gle/41enW5X

[debug] [2024-02-17T21:16:19.968Z] >>> [apiv2][query] GET https://firebasehosting.googleapis.com/v1beta1/projects/the-project-gameplan/sites/the-project-gameplan [none]
[debug] [2024-02-17T21:16:20.525Z] <<< [apiv2][status] GET https://firebasehosting.googleapis.com/v1beta1/projects/the-project-gameplan/sites/the-project-gameplan 200
[debug] [2024-02-17T21:16:20.526Z] <<< [apiv2][body] GET https://firebasehosting.googleapis.com/v1beta1/projects/the-project-gameplan/sites/the-project-gameplan {"name":"projects/the-project-gameplan/sites/the-project-gameplan","defaultUrl":"https://the-project-gameplan.web.app","type":"DEFAULT_SITE"}
[info]    ▲ Next.js 14.0.4

[info]    - Environments: .env.local

   Creating an optimized production build ...

[info] uncaughtException [Error: EPERM: operation not permitted, open 'C:\Users\juliu\Documents\Github\project-gameplan\.next\trace'] {
  errno: -4048,
  code: 'EPERM',
  syscall: 'open',
  path: 'C:\\Users\\juliu\\Documents\\Github\\project-gameplan\\.next\\trace'
}

[debug] [2024-02-17T21:16:49.626Z] Error: ENOENT: no such file or directory, open 'C:\Users\juliu\Documents\Github\project-gameplan\.next\server\middleware-manifest.json'
[error] 
[error] Error: An unexpected error has occurred.
[debug] [2024-02-17T21:17:34.688Z] ----------------------------------------------------------------------
[debug] [2024-02-17T21:17:34.692Z] Command:       C:\Program Files\nodejs\node.exe C:\Program Files\nodejs\node_modules\firebase-tools\lib\bin\firebase.js deploy
[debug] [2024-02-17T21:17:34.693Z] CLI Version:   13.0.2
[debug] [2024-02-17T21:17:34.693Z] Platform:      win32
[debug] [2024-02-17T21:17:34.693Z] Node Version:  v20.10.0
[debug] [2024-02-17T21:17:34.693Z] Time:          Sun Feb 18 2024 05:17:34 GMT+0800 (China Standard Time)
[debug] [2024-02-17T21:17:34.694Z] ----------------------------------------------------------------------
[debug] 
[debug] [2024-02-17T21:17:34.814Z] > command requires scopes: ["email","openid","https://www.googleapis.com/auth/cloudplatformprojects.readonly","https://www.googleapis.com/auth/firebase","https://www.googleapis.com/auth/cloud-platform"]
[debug] [2024-02-17T21:17:34.815Z] > authorizing via signed-in user (juliusterrence.duff@gmail.com)
[debug] [2024-02-17T21:17:34.815Z] [iam] checking project the-project-gameplan for permissions ["firebase.projects.get","firebasehosting.sites.update"]
[debug] [2024-02-17T21:17:34.819Z] >>> [apiv2][query] POST https://cloudresourcemanager.googleapis.com/v1/projects/the-project-gameplan:testIamPermissions [none]
[debug] [2024-02-17T21:17:34.819Z] >>> [apiv2][(partial)header] POST https://cloudresourcemanager.googleapis.com/v1/projects/the-project-gameplan:testIamPermissions x-goog-quota-user=projects/the-project-gameplan
[debug] [2024-02-17T21:17:34.819Z] >>> [apiv2][body] POST https://cloudresourcemanager.googleapis.com/v1/projects/the-project-gameplan:testIamPermissions {"permissions":["firebase.projects.get","firebasehosting.sites.update"]}
[debug] [2024-02-17T21:17:35.991Z] <<< [apiv2][status] POST https://cloudresourcemanager.googleapis.com/v1/projects/the-project-gameplan:testIamPermissions 200
[debug] [2024-02-17T21:17:35.992Z] <<< [apiv2][body] POST https://cloudresourcemanager.googleapis.com/v1/projects/the-project-gameplan:testIamPermissions {"permissions":["firebase.projects.get","firebasehosting.sites.update"]}
[debug] [2024-02-17T21:17:35.994Z] >>> [apiv2][query] GET https://firebase.googleapis.com/v1beta1/projects/the-project-gameplan [none]
[debug] [2024-02-17T21:17:36.434Z] <<< [apiv2][status] GET https://firebase.googleapis.com/v1beta1/projects/the-project-gameplan 200
[debug] [2024-02-17T21:17:36.435Z] <<< [apiv2][body] GET https://firebase.googleapis.com/v1beta1/projects/the-project-gameplan {"projectId":"the-project-gameplan","projectNumber":"1060600103566","displayName":"The Project Gameplan","name":"projects/the-project-gameplan","resources":{"hostingSite":"the-project-gameplan","realtimeDatabaseInstance":"the-project-gameplan-default-rtdb","storageBucket":"the-project-gameplan.appspot.com","locationId":"asia-southeast1"},"state":"ACTIVE","etag":"1_6dd18cc5-87f5-44f0-9e58-106c6199549e"}
[debug] [2024-02-17T21:17:44.598Z] >>> [apiv2][query] GET https://firebasehosting.googleapis.com/v1beta1/projects/the-project-gameplan/sites pageToken=&pageSize=10
[debug] [2024-02-17T21:17:45.327Z] <<< [apiv2][status] GET https://firebasehosting.googleapis.com/v1beta1/projects/the-project-gameplan/sites 200
[debug] [2024-02-17T21:17:45.328Z] <<< [apiv2][body] GET https://firebasehosting.googleapis.com/v1beta1/projects/the-project-gameplan/sites {"sites":[{"name":"projects/the-project-gameplan/sites/the-project-gameplan","defaultUrl":"https://the-project-gameplan.web.app","type":"DEFAULT_SITE"}]}
[debug] [2024-02-17T21:17:45.330Z] >>> [apiv2][query] GET https://firebasehosting.googleapis.com/v1beta1/projects/the-project-gameplan/sites 
[debug] [2024-02-17T21:17:45.721Z] <<< [apiv2][status] GET https://firebasehosting.googleapis.com/v1beta1/projects/the-project-gameplan/sites 200
[debug] [2024-02-17T21:17:45.723Z] <<< [apiv2][body] GET https://firebasehosting.googleapis.com/v1beta1/projects/the-project-gameplan/sites {"sites":[{"name":"projects/the-project-gameplan/sites/the-project-gameplan","defaultUrl":"https://the-project-gameplan.web.app","type":"DEFAULT_SITE"}]}
[debug] [2024-02-17T21:17:45.724Z] >>> [apiv2][query] GET https://firebase.googleapis.com/v1beta1/projects/the-project-gameplan/webApps/-/config [none]
[debug] [2024-02-17T21:17:46.928Z] <<< [apiv2][status] GET https://firebase.googleapis.com/v1beta1/projects/the-project-gameplan/webApps/-/config 200
[debug] [2024-02-17T21:17:46.929Z] <<< [apiv2][body] GET https://firebase.googleapis.com/v1beta1/projects/the-project-gameplan/webApps/-/config {"projectId":"the-project-gameplan","appId":"1:1060600103566:web:1322262655eff59c47ffdf","databaseURL":"https://the-project-gameplan-default-rtdb.asia-southeast1.firebasedatabase.app","storageBucket":"the-project-gameplan.appspot.com","locationId":"asia-southeast1","apiKey":"AIzaSyAA3j1F-HPOE8iVu1P-IHAsoSg9Ff5hbIA","authDomain":"the-project-gameplan.firebaseapp.com","messagingSenderId":"1060600103566","measurementId":"G-QRY63GX8DG"}
[info] 
   Thank you for trying our early preview of Next.js support on Firebase Hosting.
   During the preview, support is best-effort and breaking changes can be expected. Proceed with caution.

   Documentation: https://firebase.google.com/docs/hosting/frameworks/nextjs
   File a bug: https://github.com/firebase/firebase-tools/issues/new?template=bug_report.md
   Submit a feature request: https://github.com/firebase/firebase-tools/issues/new?template=feature_request.md

   We'd love to learn from you. Express your interest in helping us shape the future of Firebase Hosting: https://goo.gle/41enW5X

[debug] [2024-02-17T21:18:03.417Z] >>> [apiv2][query] GET https://firebasehosting.googleapis.com/v1beta1/projects/the-project-gameplan/sites/the-project-gameplan [none]
[debug] [2024-02-17T21:18:03.982Z] <<< [apiv2][status] GET https://firebasehosting.googleapis.com/v1beta1/projects/the-project-gameplan/sites/the-project-gameplan 200
[debug] [2024-02-17T21:18:03.984Z] <<< [apiv2][body] GET https://firebasehosting.googleapis.com/v1beta1/projects/the-project-gameplan/sites/the-project-gameplan {"name":"projects/the-project-gameplan/sites/the-project-gameplan","defaultUrl":"https://the-project-gameplan.web.app","type":"DEFAULT_SITE"}
[info]    ▲ Next.js 14.0.4

[info]    - Environments: .env.local

   Creating an optimized production build ...

